<?xml version="1.0" encoding="UTF-8"?>
<!-- Generated by org.testng.reporters.JUnitXMLReporter -->
<testsuite hostname="Chetuiwk1317" ignored="0" name="Test" tests="7" failures="0" timestamp="24 Jul 2017 10:15:41 GMT" time="141.417" errors="0">
  <testcase name="clickStartButton" time="2.814" classname="modules_automation.Register"/>
  <testcase name="clickRegister" time="67.79" classname="modules_automation.Register"/>
  <testcase name="clickBusinessType_FashionNApparel" time="0.265" classname="modules_automation.Register"/>
  <testcase name="clickNextButtonAfterSelectingBuisnessType" time="0.14" classname="modules_automation.Register"/>
  <testcase name="clickNumberofStores" time="0.266" classname="modules_automation.Register"/>
  <testcase name="doRegister" time="0.078" classname="modules_automation.Register"/>
  <testcase name="clickregister" time="0.078" classname="modules_automation.Register"/>
</testsuite> <!-- Test -->
