<?xml version="1.0" encoding="UTF-8"?>
<testng-results skipped="0" failed="0" ignored="0" total="7" passed="7">
  <reporter-output>
  </reporter-output>
  <suite name="Default suite" duration-ms="100244" started-at="2017-08-02T16:14:54Z" finished-at="2017-08-02T16:16:34Z">
    <groups>
    </groups>
    <test name="Default test" duration-ms="100244" started-at="2017-08-02T16:14:54Z" finished-at="2017-08-02T16:16:34Z">
      <class name="modules_automation.Register">
        <test-method status="PASS" signature="startUp()[pri:0, instance:modules_automation.Register@5c3bd550]" name="startUp" is-config="true" duration-ms="50542" started-at="2017-08-02T21:44:54Z" finished-at="2017-08-02T21:45:45Z">
          <reporter-output>
          </reporter-output>
        </test-method> <!-- startUp -->
        <test-method status="PASS" signature="clickStartButton()[pri:0, instance:modules_automation.Register@5c3bd550]" name="clickStartButton" duration-ms="2288" started-at="2017-08-02T21:45:45Z" finished-at="2017-08-02T21:45:47Z">
          <reporter-output>
          </reporter-output>
        </test-method> <!-- clickStartButton -->
        <test-method status="PASS" signature="clickRegister()[pri:1, instance:modules_automation.Register@5c3bd550]" name="clickRegister" duration-ms="41753" started-at="2017-08-02T21:45:47Z" finished-at="2017-08-02T21:46:29Z">
          <reporter-output>
          </reporter-output>
        </test-method> <!-- clickRegister -->
        <test-method status="PASS" signature="clickBusinessType_FashionNApparel()[pri:2, instance:modules_automation.Register@5c3bd550]" name="clickBusinessType_FashionNApparel" duration-ms="382" started-at="2017-08-02T21:46:29Z" finished-at="2017-08-02T21:46:29Z">
          <reporter-output>
          </reporter-output>
        </test-method> <!-- clickBusinessType_FashionNApparel -->
        <test-method status="PASS" signature="clickNextButtonAfterSelectingBuisnessType()[pri:3, instance:modules_automation.Register@5c3bd550]" name="clickNextButtonAfterSelectingBuisnessType" duration-ms="639" started-at="2017-08-02T21:46:29Z" finished-at="2017-08-02T21:46:30Z">
          <reporter-output>
          </reporter-output>
        </test-method> <!-- clickNextButtonAfterSelectingBuisnessType -->
        <test-method status="PASS" signature="clickNumberofStores()[pri:4, instance:modules_automation.Register@5c3bd550]" name="clickNumberofStores" duration-ms="686" started-at="2017-08-02T21:46:30Z" finished-at="2017-08-02T21:46:30Z">
          <reporter-output>
          </reporter-output>
        </test-method> <!-- clickNumberofStores -->
        <test-method status="PASS" signature="doRegister()[pri:5, instance:modules_automation.Register@5c3bd550]" name="doRegister" duration-ms="749" started-at="2017-08-02T21:46:30Z" finished-at="2017-08-02T21:46:31Z">
          <reporter-output>
          </reporter-output>
        </test-method> <!-- doRegister -->
        <test-method status="PASS" signature="clickRegisterButton()[pri:6, instance:modules_automation.Register@5c3bd550]" name="clickRegisterButton" duration-ms="3139" started-at="2017-08-02T21:46:31Z" finished-at="2017-08-02T21:46:34Z">
          <reporter-output>
          </reporter-output>
        </test-method> <!-- clickRegisterButton -->
        <test-method status="PASS" signature="afterClass()[pri:0, instance:modules_automation.Register@5c3bd550]" name="afterClass" is-config="true" duration-ms="40" started-at="2017-08-02T21:46:34Z" finished-at="2017-08-02T21:46:34Z">
          <reporter-output>
          </reporter-output>
        </test-method> <!-- afterClass -->
      </class> <!-- modules_automation.Register -->
    </test> <!-- Default test -->
  </suite> <!-- Default suite -->
</testng-results>
